Arguments: 
  /home/melka/.nvm/versions/node/v16.19.0/bin/node /home/melka/.nvm/versions/node/v16.19.0/bin/yarn init

PATH: 
  /home/melka/.nvm/versions/node/v16.19.0/bin:/home/melka/.local/bin:/usr/local/sbin:/usr/local/bin:/usr/sbin:/usr/bin:/sbin:/bin:/usr/games:/usr/local/games:/usr/lib/wsl/lib:/mnt/c/Program Files/Oculus/Support/oculus-runtime:/mnt/c/Program Files (x86)/NVIDIA Corporation/PhysX/Common:/mnt/c/Program Files (x86)/Common Files/Intel/Shared Libraries/redist/intel64_win/compiler:/mnt/c/Program Files (x86)/Common Files/Intel/Shared Libraries/redist/intel64/compiler:/mnt/c/Windows/system32:/mnt/c/Windows:/mnt/c/Windows/System32/Wbem:/mnt/c/Windows/System32/WindowsPowerShell/v1.0/:/mnt/c/Windows/System32/OpenSSH/:/mnt/c/Program Files/Git/cmd:/mnt/c/Program Files (x86)/Windows Kits/8.1/Windows Performance Toolkit/:/mnt/c/Program Files (x86)/Microsoft SQL Server/110/Tools/Binn/:/mnt/c/Program Files/Microsoft SQL Server/110/Tools/Binn/:/mnt/c/Program Files/Microsoft SQL Server/110/DTS/Binn/:/mnt/c/Program Files (x86)/GtkSharp/2.12/bin:/mnt/c/Program Files/usbipd-win/:/mnt/c/Program Files/UVtools/:/mnt/c/Users/Kamel Makhloufi/AppData/Local/Microsoft/WindowsApps:/mnt/c/Users/Kamel Makhloufi/AppData/Local/Programs/Microsoft VS Code/bin:/mnt/c/Users/Kamel Makhloufi/AppData/Local/GitHubDesktop/bin:/mnt/c/Users/Kamel Makhloufi/.platformio/penv/Scripts

Yarn version: 
  1.22.19

Node version: 
  16.19.0

Platform: 
  linux x64

Trace: 
  Error: canceled
      at Interface.<anonymous> (/home/melka/.nvm/versions/node/v16.19.0/lib/node_modules/yarn/lib/cli.js:137150:13)
      at Interface.emit (node:events:513:28)
      at Interface._ttyWrite (node:readline:1085:16)
      at ReadStream.onkeypress (node:readline:291:10)
      at ReadStream.emit (node:events:513:28)
      at emitKeys (node:internal/readline/utils:357:14)
      at emitKeys.next (<anonymous>)
      at ReadStream.onData (node:internal/readline/emitKeypressEvents:61:36)
      at ReadStream.emit (node:events:513:28)
      at addChunk (node:internal/streams/readable:315:12)

npm manifest: 
  No manifest

yarn manifest: 
  No manifest

Lockfile: 
  No lockfile
